[debug] [2017-09-29T03:46:56.868Z] ----------------------------------------------------------------------
[debug] [2017-09-29T03:46:56.870Z] Command:       /usr/local/Cellar/node/7.5.0/bin/node /usr/local/bin/firebase deploy
[debug] [2017-09-29T03:46:56.871Z] CLI Version:   3.12.0
[debug] [2017-09-29T03:46:56.871Z] Platform:      darwin
[debug] [2017-09-29T03:46:56.871Z] Node Version:  v7.5.0
[debug] [2017-09-29T03:46:56.872Z] Time:          Thu Sep 28 2017 23:46:56 GMT-0400 (EDT)
[debug] [2017-09-29T03:46:56.872Z] ----------------------------------------------------------------------
[debug] 
[debug] [2017-09-29T03:46:56.886Z] > command requires scopes: ["email","openid","https://www.googleapis.com/auth/cloudplatformprojects.readonly","https://www.googleapis.com/auth/firebase","https://www.googleapis.com/auth/cloud-platform"]
[debug] [2017-09-29T03:46:56.886Z] > authorizing via signed-in user
[debug] [2017-09-29T03:46:56.888Z] >>> HTTP REQUEST GET https://admin.firebase.com/v1/projects/perfectsense-news-app  
 Thu Sep 28 2017 23:46:56 GMT-0400 (EDT)
[debug] [2017-09-29T03:46:57.202Z] <<< HTTP RESPONSE 200
[debug] [2017-09-29T03:46:57.203Z] >>> HTTP REQUEST GET https://admin.firebase.com/v1/database/perfectsense-news-app/tokens  
 Thu Sep 28 2017 23:46:57 GMT-0400 (EDT)
[debug] [2017-09-29T03:46:57.565Z] <<< HTTP RESPONSE 200
[info] 
[info] === Deploying to 'perfectsense-news-app'...
[info] 
[info] i  deploying database, hosting
[info] ✔  database: rules ready to deploy.
[info] i  hosting: preparing build directory for upload...
[debug] [2017-09-29T03:46:58.247Z] >>> HTTP REQUEST PUT https://deploy.firebase.com/v1/hosting/perfectsense-news-app/uploads/-KvAjdB6LngtkP-7wtg2?fileCount=12&message=  
 Thu Sep 28 2017 23:46:58 GMT-0400 (EDT)
